2024-06-18T09:41:48.430+08:00  INFO 15692 --- [gobang] [main] org.example.gobang.GobangApplication     : Starting GobangApplication using Java 17.0.10 with PID 15692 (E:\IdeaProjects\gobang\target\classes started by cbb123 in E:\IdeaProjects\gobang)
2024-06-18T09:41:48.434+08:00  INFO 15692 --- [gobang] [main] org.example.gobang.GobangApplication     : No active profile set, falling back to 1 default profile: "default"
2024-06-18T09:41:49.228+08:00  INFO 15692 --- [gobang] [main] o.s.b.w.embedded.tomcat.TomcatWebServer  : Tomcat initialized with port 9090 (http)
2024-06-18T09:41:49.240+08:00  INFO 15692 --- [gobang] [main] o.apache.catalina.core.StandardService   : Starting service [Tomcat]
2024-06-18T09:41:49.241+08:00  INFO 15692 --- [gobang] [main] o.apache.catalina.core.StandardEngine    : Starting Servlet engine: [Apache Tomcat/10.1.24]
2024-06-18T09:41:49.284+08:00  INFO 15692 --- [gobang] [main] o.a.c.c.C.[Tomcat].[localhost].[/]       : Initializing Spring embedded WebApplicationContext
2024-06-18T09:41:49.284+08:00  INFO 15692 --- [gobang] [main] w.s.c.ServletWebServerApplicationContext : Root WebApplicationContext: initialization completed in 816 ms
2024-06-18T09:41:49.673+08:00  INFO 15692 --- [gobang] [main] o.s.b.w.embedded.tomcat.TomcatWebServer  : Tomcat started on port 9090 (http) with context path ''
2024-06-18T09:41:49.679+08:00  INFO 15692 --- [gobang] [main] org.example.gobang.GobangApplication     : Started GobangApplication in 1.59 seconds (process running for 2.061)
2024-06-18T09:57:28.002+08:00  INFO 32348 --- [gobang] [main] org.example.gobang.GobangApplication     : Starting GobangApplication using Java 17.0.10 with PID 32348 (E:\IdeaProjects\gobang\target\classes started by cbb123 in E:\IdeaProjects\gobang)
2024-06-18T09:57:28.004+08:00  INFO 32348 --- [gobang] [main] org.example.gobang.GobangApplication     : No active profile set, falling back to 1 default profile: "default"
2024-06-18T09:57:28.793+08:00  INFO 32348 --- [gobang] [main] o.s.b.w.embedded.tomcat.TomcatWebServer  : Tomcat initialized with port 9090 (http)
2024-06-18T09:57:28.800+08:00  INFO 32348 --- [gobang] [main] o.apache.catalina.core.StandardService   : Starting service [Tomcat]
2024-06-18T09:57:28.801+08:00  INFO 32348 --- [gobang] [main] o.apache.catalina.core.StandardEngine    : Starting Servlet engine: [Apache Tomcat/10.1.24]
2024-06-18T09:57:28.833+08:00  INFO 32348 --- [gobang] [main] o.a.c.c.C.[Tomcat].[localhost].[/]       : Initializing Spring embedded WebApplicationContext
2024-06-18T09:57:28.834+08:00  INFO 32348 --- [gobang] [main] w.s.c.ServletWebServerApplicationContext : Root WebApplicationContext: initialization completed in 803 ms
2024-06-18T09:57:29.163+08:00  INFO 32348 --- [gobang] [main] o.s.b.w.embedded.tomcat.TomcatWebServer  : Tomcat started on port 9090 (http) with context path ''
2024-06-18T09:57:29.169+08:00  INFO 32348 --- [gobang] [main] org.example.gobang.GobangApplication     : Started GobangApplication in 1.488 seconds (process running for 1.887)
2024-06-18T09:57:29.330+08:00  INFO 32348 --- [gobang] [http-nio-9090-exec-2] o.a.c.c.C.[Tomcat].[localhost].[/]       : Initializing Spring DispatcherServlet 'dispatcherServlet'
2024-06-18T09:57:29.330+08:00  INFO 32348 --- [gobang] [http-nio-9090-exec-2] o.s.web.servlet.DispatcherServlet        : Initializing Servlet 'dispatcherServlet'
2024-06-18T09:57:29.332+08:00  INFO 32348 --- [gobang] [http-nio-9090-exec-2] o.s.web.servlet.DispatcherServlet        : Completed initialization in 1 ms
2024-06-18T09:58:21.302+08:00  INFO 35836 --- [gobang] [main] org.example.gobang.GobangApplication     : Starting GobangApplication using Java 17.0.10 with PID 35836 (E:\IdeaProjects\gobang\target\classes started by cbb123 in E:\IdeaProjects\gobang)
2024-06-18T09:58:21.303+08:00  INFO 35836 --- [gobang] [main] org.example.gobang.GobangApplication     : No active profile set, falling back to 1 default profile: "default"
2024-06-18T09:58:21.904+08:00  INFO 35836 --- [gobang] [main] o.s.b.w.embedded.tomcat.TomcatWebServer  : Tomcat initialized with port 9090 (http)
2024-06-18T09:58:21.910+08:00  INFO 35836 --- [gobang] [main] o.apache.catalina.core.StandardService   : Starting service [Tomcat]
2024-06-18T09:58:21.911+08:00  INFO 35836 --- [gobang] [main] o.apache.catalina.core.StandardEngine    : Starting Servlet engine: [Apache Tomcat/10.1.24]
2024-06-18T09:58:21.955+08:00  INFO 35836 --- [gobang] [main] o.a.c.c.C.[Tomcat].[localhost].[/]       : Initializing Spring embedded WebApplicationContext
2024-06-18T09:58:21.955+08:00  INFO 35836 --- [gobang] [main] w.s.c.ServletWebServerApplicationContext : Root WebApplicationContext: initialization completed in 624 ms
2024-06-18T09:58:22.292+08:00  INFO 35836 --- [gobang] [main] o.s.b.w.embedded.tomcat.TomcatWebServer  : Tomcat started on port 9090 (http) with context path ''
2024-06-18T09:58:22.298+08:00  INFO 35836 --- [gobang] [main] org.example.gobang.GobangApplication     : Started GobangApplication in 1.278 seconds (process running for 1.602)
2024-06-18T09:58:23.370+08:00  INFO 35836 --- [gobang] [http-nio-9090-exec-1] o.a.c.c.C.[Tomcat].[localhost].[/]       : Initializing Spring DispatcherServlet 'dispatcherServlet'
2024-06-18T09:58:23.371+08:00  INFO 35836 --- [gobang] [http-nio-9090-exec-1] o.s.web.servlet.DispatcherServlet        : Initializing Servlet 'dispatcherServlet'
2024-06-18T09:58:23.372+08:00  INFO 35836 --- [gobang] [http-nio-9090-exec-1] o.s.web.servlet.DispatcherServlet        : Completed initialization in 1 ms
2024-06-18T09:58:23.412+08:00  INFO 35836 --- [gobang] [http-nio-9090-exec-1] com.zaxxer.hikari.HikariDataSource       : HikariPool-1 - Starting...
2024-06-18T09:58:23.516+08:00  INFO 35836 --- [gobang] [http-nio-9090-exec-1] com.zaxxer.hikari.pool.HikariPool        : HikariPool-1 - Added connection com.mysql.cj.jdbc.ConnectionImpl@163b0fec
2024-06-18T09:58:23.517+08:00  INFO 35836 --- [gobang] [http-nio-9090-exec-1] com.zaxxer.hikari.HikariDataSource       : HikariPool-1 - Start completed.
2024-06-18T10:01:05.190+08:00  INFO 35836 --- [gobang] [SpringApplicationShutdownHook] com.zaxxer.hikari.HikariDataSource       : HikariPool-1 - Shutdown initiated...
2024-06-18T10:01:05.202+08:00  INFO 35836 --- [gobang] [SpringApplicationShutdownHook] com.zaxxer.hikari.HikariDataSource       : HikariPool-1 - Shutdown completed.
2024-06-18T10:01:08.594+08:00  INFO 8552 --- [gobang] [main] org.example.gobang.GobangApplication     : Starting GobangApplication using Java 17.0.10 with PID 8552 (E:\IdeaProjects\gobang\target\classes started by cbb123 in E:\IdeaProjects\gobang)
2024-06-18T10:01:08.596+08:00  INFO 8552 --- [gobang] [main] org.example.gobang.GobangApplication     : No active profile set, falling back to 1 default profile: "default"
2024-06-18T10:01:09.237+08:00  INFO 8552 --- [gobang] [main] o.s.b.w.embedded.tomcat.TomcatWebServer  : Tomcat initialized with port 9090 (http)
2024-06-18T10:01:09.247+08:00  INFO 8552 --- [gobang] [main] o.apache.catalina.core.StandardService   : Starting service [Tomcat]
2024-06-18T10:01:09.247+08:00  INFO 8552 --- [gobang] [main] o.apache.catalina.core.StandardEngine    : Starting Servlet engine: [Apache Tomcat/10.1.24]
2024-06-18T10:01:09.312+08:00  INFO 8552 --- [gobang] [main] o.a.c.c.C.[Tomcat].[localhost].[/]       : Initializing Spring embedded WebApplicationContext
2024-06-18T10:01:09.312+08:00  INFO 8552 --- [gobang] [main] w.s.c.ServletWebServerApplicationContext : Root WebApplicationContext: initialization completed in 689 ms
2024-06-18T10:01:09.686+08:00  INFO 8552 --- [gobang] [main] o.s.b.w.embedded.tomcat.TomcatWebServer  : Tomcat started on port 9090 (http) with context path ''
2024-06-18T10:01:09.692+08:00  INFO 8552 --- [gobang] [main] org.example.gobang.GobangApplication     : Started GobangApplication in 1.38 seconds (process running for 1.727)
2024-06-18T10:01:10.353+08:00  INFO 8552 --- [gobang] [http-nio-9090-exec-1] o.a.c.c.C.[Tomcat].[localhost].[/]       : Initializing Spring DispatcherServlet 'dispatcherServlet'
2024-06-18T10:01:10.353+08:00  INFO 8552 --- [gobang] [http-nio-9090-exec-1] o.s.web.servlet.DispatcherServlet        : Initializing Servlet 'dispatcherServlet'
2024-06-18T10:01:10.354+08:00  INFO 8552 --- [gobang] [http-nio-9090-exec-1] o.s.web.servlet.DispatcherServlet        : Completed initialization in 0 ms
2024-06-18T10:01:10.381+08:00 ERROR 8552 --- [gobang] [http-nio-9090-exec-1] o.a.c.c.C.[.[.[/].[dispatcherServlet]    : Servlet.service() for servlet [dispatcherServlet] in context with path [] threw exception [Request processing failed: java.lang.NullPointerException: Cannot invoke "String.isEmpty()" because "username" is null] with root cause

java.lang.NullPointerException: Cannot invoke "String.isEmpty()" because "username" is null
	at org.example.gobang.controller.UserController.register(UserController.java:44) ~[classes/:na]
	at java.base/jdk.internal.reflect.NativeMethodAccessorImpl.invoke0(Native Method) ~[na:na]
	at java.base/jdk.internal.reflect.NativeMethodAccessorImpl.invoke(NativeMethodAccessorImpl.java:77) ~[na:na]
	at java.base/jdk.internal.reflect.DelegatingMethodAccessorImpl.invoke(DelegatingMethodAccessorImpl.java:43) ~[na:na]
	at java.base/java.lang.reflect.Method.invoke(Method.java:568) ~[na:na]
	at org.springframework.web.method.support.InvocableHandlerMethod.doInvoke(InvocableHandlerMethod.java:255) ~[spring-web-6.1.8.jar:6.1.8]
	at org.springframework.web.method.support.InvocableHandlerMethod.invokeForRequest(InvocableHandlerMethod.java:188) ~[spring-web-6.1.8.jar:6.1.8]
	at org.springframework.web.servlet.mvc.method.annotation.ServletInvocableHandlerMethod.invokeAndHandle(ServletInvocableHandlerMethod.java:118) ~[spring-webmvc-6.1.8.jar:6.1.8]
	at org.springframework.web.servlet.mvc.method.annotation.RequestMappingHandlerAdapter.invokeHandlerMethod(RequestMappingHandlerAdapter.java:926) ~[spring-webmvc-6.1.8.jar:6.1.8]
	at org.springframework.web.servlet.mvc.method.annotation.RequestMappingHandlerAdapter.handleInternal(RequestMappingHandlerAdapter.java:831) ~[spring-webmvc-6.1.8.jar:6.1.8]
	at org.springframework.web.servlet.mvc.method.AbstractHandlerMethodAdapter.handle(AbstractHandlerMethodAdapter.java:87) ~[spring-webmvc-6.1.8.jar:6.1.8]
	at org.springframework.web.servlet.DispatcherServlet.doDispatch(DispatcherServlet.java:1089) ~[spring-webmvc-6.1.8.jar:6.1.8]
	at org.springframework.web.servlet.DispatcherServlet.doService(DispatcherServlet.java:979) ~[spring-webmvc-6.1.8.jar:6.1.8]
	at org.springframework.web.servlet.FrameworkServlet.processRequest(FrameworkServlet.java:1014) ~[spring-webmvc-6.1.8.jar:6.1.8]
	at org.springframework.web.servlet.FrameworkServlet.doGet(FrameworkServlet.java:903) ~[spring-webmvc-6.1.8.jar:6.1.8]
	at jakarta.servlet.http.HttpServlet.service(HttpServlet.java:564) ~[tomcat-embed-core-10.1.24.jar:6.0]
	at org.springframework.web.servlet.FrameworkServlet.service(FrameworkServlet.java:885) ~[spring-webmvc-6.1.8.jar:6.1.8]
	at jakarta.servlet.http.HttpServlet.service(HttpServlet.java:658) ~[tomcat-embed-core-10.1.24.jar:6.0]
	at org.apache.catalina.core.ApplicationFilterChain.internalDoFilter(ApplicationFilterChain.java:195) ~[tomcat-embed-core-10.1.24.jar:10.1.24]
	at org.apache.catalina.core.ApplicationFilterChain.doFilter(ApplicationFilterChain.java:140) ~[tomcat-embed-core-10.1.24.jar:10.1.24]
	at org.apache.tomcat.websocket.server.WsFilter.doFilter(WsFilter.java:51) ~[tomcat-embed-websocket-10.1.24.jar:10.1.24]
	at org.apache.catalina.core.ApplicationFilterChain.internalDoFilter(ApplicationFilterChain.java:164) ~[tomcat-embed-core-10.1.24.jar:10.1.24]
	at org.apache.catalina.core.ApplicationFilterChain.doFilter(ApplicationFilterChain.java:140) ~[tomcat-embed-core-10.1.24.jar:10.1.24]
	at org.springframework.web.filter.RequestContextFilter.doFilterInternal(RequestContextFilter.java:100) ~[spring-web-6.1.8.jar:6.1.8]
	at org.springframework.web.filter.OncePerRequestFilter.doFilter(OncePerRequestFilter.java:116) ~[spring-web-6.1.8.jar:6.1.8]
	at org.apache.catalina.core.ApplicationFilterChain.internalDoFilter(ApplicationFilterChain.java:164) ~[tomcat-embed-core-10.1.24.jar:10.1.24]
	at org.apache.catalina.core.ApplicationFilterChain.doFilter(ApplicationFilterChain.java:140) ~[tomcat-embed-core-10.1.24.jar:10.1.24]
	at org.springframework.web.filter.FormContentFilter.doFilterInternal(FormContentFilter.java:93) ~[spring-web-6.1.8.jar:6.1.8]
	at org.springframework.web.filter.OncePerRequestFilter.doFilter(OncePerRequestFilter.java:116) ~[spring-web-6.1.8.jar:6.1.8]
	at org.apache.catalina.core.ApplicationFilterChain.internalDoFilter(ApplicationFilterChain.java:164) ~[tomcat-embed-core-10.1.24.jar:10.1.24]
	at org.apache.catalina.core.ApplicationFilterChain.doFilter(ApplicationFilterChain.java:140) ~[tomcat-embed-core-10.1.24.jar:10.1.24]
	at org.springframework.web.filter.CharacterEncodingFilter.doFilterInternal(CharacterEncodingFilter.java:201) ~[spring-web-6.1.8.jar:6.1.8]
	at org.springframework.web.filter.OncePerRequestFilter.doFilter(OncePerRequestFilter.java:116) ~[spring-web-6.1.8.jar:6.1.8]
	at org.apache.catalina.core.ApplicationFilterChain.internalDoFilter(ApplicationFilterChain.java:164) ~[tomcat-embed-core-10.1.24.jar:10.1.24]
	at org.apache.catalina.core.ApplicationFilterChain.doFilter(ApplicationFilterChain.java:140) ~[tomcat-embed-core-10.1.24.jar:10.1.24]
	at org.apache.catalina.core.StandardWrapperValve.invoke(StandardWrapperValve.java:167) ~[tomcat-embed-core-10.1.24.jar:10.1.24]
	at org.apache.catalina.core.StandardContextValve.invoke(StandardContextValve.java:90) ~[tomcat-embed-core-10.1.24.jar:10.1.24]
	at org.apache.catalina.authenticator.AuthenticatorBase.invoke(AuthenticatorBase.java:482) ~[tomcat-embed-core-10.1.24.jar:10.1.24]
	at org.apache.catalina.core.StandardHostValve.invoke(StandardHostValve.java:115) ~[tomcat-embed-core-10.1.24.jar:10.1.24]
	at org.apache.catalina.valves.ErrorReportValve.invoke(ErrorReportValve.java:93) ~[tomcat-embed-core-10.1.24.jar:10.1.24]
	at org.apache.catalina.core.StandardEngineValve.invoke(StandardEngineValve.java:74) ~[tomcat-embed-core-10.1.24.jar:10.1.24]
	at org.apache.catalina.connector.CoyoteAdapter.service(CoyoteAdapter.java:344) ~[tomcat-embed-core-10.1.24.jar:10.1.24]
	at org.apache.coyote.http11.Http11Processor.service(Http11Processor.java:389) ~[tomcat-embed-core-10.1.24.jar:10.1.24]
	at org.apache.coyote.AbstractProcessorLight.process(AbstractProcessorLight.java:63) ~[tomcat-embed-core-10.1.24.jar:10.1.24]
	at org.apache.coyote.AbstractProtocol$ConnectionHandler.process(AbstractProtocol.java:896) ~[tomcat-embed-core-10.1.24.jar:10.1.24]
	at org.apache.tomcat.util.net.NioEndpoint$SocketProcessor.doRun(NioEndpoint.java:1741) ~[tomcat-embed-core-10.1.24.jar:10.1.24]
	at org.apache.tomcat.util.net.SocketProcessorBase.run(SocketProcessorBase.java:52) ~[tomcat-embed-core-10.1.24.jar:10.1.24]
	at org.apache.tomcat.util.threads.ThreadPoolExecutor.runWorker(ThreadPoolExecutor.java:1190) ~[tomcat-embed-core-10.1.24.jar:10.1.24]
	at org.apache.tomcat.util.threads.ThreadPoolExecutor$Worker.run(ThreadPoolExecutor.java:659) ~[tomcat-embed-core-10.1.24.jar:10.1.24]
	at org.apache.tomcat.util.threads.TaskThread$WrappingRunnable.run(TaskThread.java:63) ~[tomcat-embed-core-10.1.24.jar:10.1.24]
	at java.base/java.lang.Thread.run(Thread.java:842) ~[na:na]

2024-06-18T10:01:11.544+08:00 ERROR 8552 --- [gobang] [http-nio-9090-exec-2] o.a.c.c.C.[.[.[/].[dispatcherServlet]    : Servlet.service() for servlet [dispatcherServlet] in context with path [] threw exception [Request processing failed: java.lang.NullPointerException: Cannot invoke "String.isEmpty()" because "username" is null] with root cause

java.lang.NullPointerException: Cannot invoke "String.isEmpty()" because "username" is null
	at org.example.gobang.controller.UserController.register(UserController.java:44) ~[classes/:na]
	at java.base/jdk.internal.reflect.NativeMethodAccessorImpl.invoke0(Native Method) ~[na:na]
	at java.base/jdk.internal.reflect.NativeMethodAccessorImpl.invoke(NativeMethodAccessorImpl.java:77) ~[na:na]
	at java.base/jdk.internal.reflect.DelegatingMethodAccessorImpl.invoke(DelegatingMethodAccessorImpl.java:43) ~[na:na]
	at java.base/java.lang.reflect.Method.invoke(Method.java:568) ~[na:na]
	at org.springframework.web.method.support.InvocableHandlerMethod.doInvoke(InvocableHandlerMethod.java:255) ~[spring-web-6.1.8.jar:6.1.8]
	at org.springframework.web.method.support.InvocableHandlerMethod.invokeForRequest(InvocableHandlerMethod.java:188) ~[spring-web-6.1.8.jar:6.1.8]
	at org.springframework.web.servlet.mvc.method.annotation.ServletInvocableHandlerMethod.invokeAndHandle(ServletInvocableHandlerMethod.java:118) ~[spring-webmvc-6.1.8.jar:6.1.8]
	at org.springframework.web.servlet.mvc.method.annotation.RequestMappingHandlerAdapter.invokeHandlerMethod(RequestMappingHandlerAdapter.java:926) ~[spring-webmvc-6.1.8.jar:6.1.8]
	at org.springframework.web.servlet.mvc.method.annotation.RequestMappingHandlerAdapter.handleInternal(RequestMappingHandlerAdapter.java:831) ~[spring-webmvc-6.1.8.jar:6.1.8]
	at org.springframework.web.servlet.mvc.method.AbstractHandlerMethodAdapter.handle(AbstractHandlerMethodAdapter.java:87) ~[spring-webmvc-6.1.8.jar:6.1.8]
	at org.springframework.web.servlet.DispatcherServlet.doDispatch(DispatcherServlet.java:1089) ~[spring-webmvc-6.1.8.jar:6.1.8]
	at org.springframework.web.servlet.DispatcherServlet.doService(DispatcherServlet.java:979) ~[spring-webmvc-6.1.8.jar:6.1.8]
	at org.springframework.web.servlet.FrameworkServlet.processRequest(FrameworkServlet.java:1014) ~[spring-webmvc-6.1.8.jar:6.1.8]
	at org.springframework.web.servlet.FrameworkServlet.doGet(FrameworkServlet.java:903) ~[spring-webmvc-6.1.8.jar:6.1.8]
	at jakarta.servlet.http.HttpServlet.service(HttpServlet.java:564) ~[tomcat-embed-core-10.1.24.jar:6.0]
	at org.springframework.web.servlet.FrameworkServlet.service(FrameworkServlet.java:885) ~[spring-webmvc-6.1.8.jar:6.1.8]
	at jakarta.servlet.http.HttpServlet.service(HttpServlet.java:658) ~[tomcat-embed-core-10.1.24.jar:6.0]
	at org.apache.catalina.core.ApplicationFilterChain.internalDoFilter(ApplicationFilterChain.java:195) ~[tomcat-embed-core-10.1.24.jar:10.1.24]
	at org.apache.catalina.core.ApplicationFilterChain.doFilter(ApplicationFilterChain.java:140) ~[tomcat-embed-core-10.1.24.jar:10.1.24]
	at org.apache.tomcat.websocket.server.WsFilter.doFilter(WsFilter.java:51) ~[tomcat-embed-websocket-10.1.24.jar:10.1.24]
	at org.apache.catalina.core.ApplicationFilterChain.internalDoFilter(ApplicationFilterChain.java:164) ~[tomcat-embed-core-10.1.24.jar:10.1.24]
	at org.apache.catalina.core.ApplicationFilterChain.doFilter(ApplicationFilterChain.java:140) ~[tomcat-embed-core-10.1.24.jar:10.1.24]
	at org.springframework.web.filter.RequestContextFilter.doFilterInternal(RequestContextFilter.java:100) ~[spring-web-6.1.8.jar:6.1.8]
	at org.springframework.web.filter.OncePerRequestFilter.doFilter(OncePerRequestFilter.java:116) ~[spring-web-6.1.8.jar:6.1.8]
	at org.apache.catalina.core.ApplicationFilterChain.internalDoFilter(ApplicationFilterChain.java:164) ~[tomcat-embed-core-10.1.24.jar:10.1.24]
	at org.apache.catalina.core.ApplicationFilterChain.doFilter(ApplicationFilterChain.java:140) ~[tomcat-embed-core-10.1.24.jar:10.1.24]
	at org.springframework.web.filter.FormContentFilter.doFilterInternal(FormContentFilter.java:93) ~[spring-web-6.1.8.jar:6.1.8]
	at org.springframework.web.filter.OncePerRequestFilter.doFilter(OncePerRequestFilter.java:116) ~[spring-web-6.1.8.jar:6.1.8]
	at org.apache.catalina.core.ApplicationFilterChain.internalDoFilter(ApplicationFilterChain.java:164) ~[tomcat-embed-core-10.1.24.jar:10.1.24]
	at org.apache.catalina.core.ApplicationFilterChain.doFilter(ApplicationFilterChain.java:140) ~[tomcat-embed-core-10.1.24.jar:10.1.24]
	at org.springframework.web.filter.CharacterEncodingFilter.doFilterInternal(CharacterEncodingFilter.java:201) ~[spring-web-6.1.8.jar:6.1.8]
	at org.springframework.web.filter.OncePerRequestFilter.doFilter(OncePerRequestFilter.java:116) ~[spring-web-6.1.8.jar:6.1.8]
	at org.apache.catalina.core.ApplicationFilterChain.internalDoFilter(ApplicationFilterChain.java:164) ~[tomcat-embed-core-10.1.24.jar:10.1.24]
	at org.apache.catalina.core.ApplicationFilterChain.doFilter(ApplicationFilterChain.java:140) ~[tomcat-embed-core-10.1.24.jar:10.1.24]
	at org.apache.catalina.core.StandardWrapperValve.invoke(StandardWrapperValve.java:167) ~[tomcat-embed-core-10.1.24.jar:10.1.24]
	at org.apache.catalina.core.StandardContextValve.invoke(StandardContextValve.java:90) ~[tomcat-embed-core-10.1.24.jar:10.1.24]
	at org.apache.catalina.authenticator.AuthenticatorBase.invoke(AuthenticatorBase.java:482) ~[tomcat-embed-core-10.1.24.jar:10.1.24]
	at org.apache.catalina.core.StandardHostValve.invoke(StandardHostValve.java:115) ~[tomcat-embed-core-10.1.24.jar:10.1.24]
	at org.apache.catalina.valves.ErrorReportValve.invoke(ErrorReportValve.java:93) ~[tomcat-embed-core-10.1.24.jar:10.1.24]
	at org.apache.catalina.core.StandardEngineValve.invoke(StandardEngineValve.java:74) ~[tomcat-embed-core-10.1.24.jar:10.1.24]
	at org.apache.catalina.connector.CoyoteAdapter.service(CoyoteAdapter.java:344) ~[tomcat-embed-core-10.1.24.jar:10.1.24]
	at org.apache.coyote.http11.Http11Processor.service(Http11Processor.java:389) ~[tomcat-embed-core-10.1.24.jar:10.1.24]
	at org.apache.coyote.AbstractProcessorLight.process(AbstractProcessorLight.java:63) ~[tomcat-embed-core-10.1.24.jar:10.1.24]
	at org.apache.coyote.AbstractProtocol$ConnectionHandler.process(AbstractProtocol.java:896) ~[tomcat-embed-core-10.1.24.jar:10.1.24]
	at org.apache.tomcat.util.net.NioEndpoint$SocketProcessor.doRun(NioEndpoint.java:1741) ~[tomcat-embed-core-10.1.24.jar:10.1.24]
	at org.apache.tomcat.util.net.SocketProcessorBase.run(SocketProcessorBase.java:52) ~[tomcat-embed-core-10.1.24.jar:10.1.24]
	at org.apache.tomcat.util.threads.ThreadPoolExecutor.runWorker(ThreadPoolExecutor.java:1190) ~[tomcat-embed-core-10.1.24.jar:10.1.24]
	at org.apache.tomcat.util.threads.ThreadPoolExecutor$Worker.run(ThreadPoolExecutor.java:659) ~[tomcat-embed-core-10.1.24.jar:10.1.24]
	at org.apache.tomcat.util.threads.TaskThread$WrappingRunnable.run(TaskThread.java:63) ~[tomcat-embed-core-10.1.24.jar:10.1.24]
	at java.base/java.lang.Thread.run(Thread.java:842) ~[na:na]

2024-06-18T10:02:03.516+08:00  INFO 36240 --- [gobang] [main] org.example.gobang.GobangApplication     : Starting GobangApplication using Java 17.0.10 with PID 36240 (E:\IdeaProjects\gobang\target\classes started by cbb123 in E:\IdeaProjects\gobang)
2024-06-18T10:02:03.518+08:00  INFO 36240 --- [gobang] [main] org.example.gobang.GobangApplication     : No active profile set, falling back to 1 default profile: "default"
2024-06-18T10:02:04.143+08:00  INFO 36240 --- [gobang] [main] o.s.b.w.embedded.tomcat.TomcatWebServer  : Tomcat initialized with port 9090 (http)
2024-06-18T10:02:04.151+08:00  INFO 36240 --- [gobang] [main] o.apache.catalina.core.StandardService   : Starting service [Tomcat]
2024-06-18T10:02:04.151+08:00  INFO 36240 --- [gobang] [main] o.apache.catalina.core.StandardEngine    : Starting Servlet engine: [Apache Tomcat/10.1.24]
2024-06-18T10:02:04.180+08:00  INFO 36240 --- [gobang] [main] o.a.c.c.C.[Tomcat].[localhost].[/]       : Initializing Spring embedded WebApplicationContext
2024-06-18T10:02:04.180+08:00  INFO 36240 --- [gobang] [main] w.s.c.ServletWebServerApplicationContext : Root WebApplicationContext: initialization completed in 636 ms
2024-06-18T10:02:04.503+08:00  INFO 36240 --- [gobang] [main] o.s.b.w.embedded.tomcat.TomcatWebServer  : Tomcat started on port 9090 (http) with context path ''
2024-06-18T10:02:04.510+08:00  INFO 36240 --- [gobang] [main] org.example.gobang.GobangApplication     : Started GobangApplication in 1.273 seconds (process running for 1.612)
2024-06-18T10:02:05.960+08:00  INFO 36240 --- [gobang] [http-nio-9090-exec-1] o.a.c.c.C.[Tomcat].[localhost].[/]       : Initializing Spring DispatcherServlet 'dispatcherServlet'
2024-06-18T10:02:05.960+08:00  INFO 36240 --- [gobang] [http-nio-9090-exec-1] o.s.web.servlet.DispatcherServlet        : Initializing Servlet 'dispatcherServlet'
2024-06-18T10:02:05.961+08:00  INFO 36240 --- [gobang] [http-nio-9090-exec-1] o.s.web.servlet.DispatcherServlet        : Completed initialization in 1 ms
2024-06-18T10:02:21.627+08:00 ERROR 36240 --- [gobang] [http-nio-9090-exec-5] org.example.gobang.utils.JwtUtils        : Token已经过期！
2024-06-18T10:02:27.982+08:00 ERROR 36240 --- [gobang] [http-nio-9090-exec-9] org.example.gobang.utils.JwtUtils        : Token已经过期！
2024-06-18T10:02:48.608+08:00 ERROR 36240 --- [gobang] [http-nio-9090-exec-7] org.example.gobang.utils.JwtUtils        : Token已经过期！
2024-06-18T10:03:14.182+08:00  INFO 27732 --- [gobang] [main] org.example.gobang.GobangApplication     : Starting GobangApplication using Java 17.0.10 with PID 27732 (E:\IdeaProjects\gobang\target\classes started by cbb123 in E:\IdeaProjects\gobang)
2024-06-18T10:03:14.185+08:00  INFO 27732 --- [gobang] [main] org.example.gobang.GobangApplication     : No active profile set, falling back to 1 default profile: "default"
2024-06-18T10:03:14.877+08:00  INFO 27732 --- [gobang] [main] o.s.b.w.embedded.tomcat.TomcatWebServer  : Tomcat initialized with port 9090 (http)
2024-06-18T10:03:14.885+08:00  INFO 27732 --- [gobang] [main] o.apache.catalina.core.StandardService   : Starting service [Tomcat]
2024-06-18T10:03:14.885+08:00  INFO 27732 --- [gobang] [main] o.apache.catalina.core.StandardEngine    : Starting Servlet engine: [Apache Tomcat/10.1.24]
2024-06-18T10:03:14.919+08:00  INFO 27732 --- [gobang] [main] o.a.c.c.C.[Tomcat].[localhost].[/]       : Initializing Spring embedded WebApplicationContext
2024-06-18T10:03:14.919+08:00  INFO 27732 --- [gobang] [main] w.s.c.ServletWebServerApplicationContext : Root WebApplicationContext: initialization completed in 706 ms
2024-06-18T10:03:15.285+08:00  INFO 27732 --- [gobang] [main] o.s.b.w.embedded.tomcat.TomcatWebServer  : Tomcat started on port 9090 (http) with context path ''
2024-06-18T10:03:15.291+08:00  INFO 27732 --- [gobang] [main] org.example.gobang.GobangApplication     : Started GobangApplication in 1.395 seconds (process running for 1.728)
2024-06-18T10:03:22.090+08:00  INFO 27732 --- [gobang] [http-nio-9090-exec-1] o.a.c.c.C.[Tomcat].[localhost].[/]       : Initializing Spring DispatcherServlet 'dispatcherServlet'
2024-06-18T10:03:22.090+08:00  INFO 27732 --- [gobang] [http-nio-9090-exec-1] o.s.web.servlet.DispatcherServlet        : Initializing Servlet 'dispatcherServlet'
2024-06-18T10:03:22.091+08:00  INFO 27732 --- [gobang] [http-nio-9090-exec-1] o.s.web.servlet.DispatcherServlet        : Completed initialization in 1 ms
2024-06-18T10:04:03.007+08:00  INFO 20308 --- [gobang] [main] org.example.gobang.GobangApplication     : Starting GobangApplication using Java 17.0.10 with PID 20308 (E:\IdeaProjects\gobang\target\classes started by cbb123 in E:\IdeaProjects\gobang)
2024-06-18T10:04:03.009+08:00  INFO 20308 --- [gobang] [main] org.example.gobang.GobangApplication     : No active profile set, falling back to 1 default profile: "default"
2024-06-18T10:04:03.586+08:00  INFO 20308 --- [gobang] [main] o.s.b.w.embedded.tomcat.TomcatWebServer  : Tomcat initialized with port 9090 (http)
2024-06-18T10:04:03.594+08:00  INFO 20308 --- [gobang] [main] o.apache.catalina.core.StandardService   : Starting service [Tomcat]
2024-06-18T10:04:03.594+08:00  INFO 20308 --- [gobang] [main] o.apache.catalina.core.StandardEngine    : Starting Servlet engine: [Apache Tomcat/10.1.24]
2024-06-18T10:04:03.636+08:00  INFO 20308 --- [gobang] [main] o.a.c.c.C.[Tomcat].[localhost].[/]       : Initializing Spring embedded WebApplicationContext
2024-06-18T10:04:03.636+08:00  INFO 20308 --- [gobang] [main] w.s.c.ServletWebServerApplicationContext : Root WebApplicationContext: initialization completed in 601 ms
2024-06-18T10:04:03.936+08:00  INFO 20308 --- [gobang] [main] o.s.b.w.embedded.tomcat.TomcatWebServer  : Tomcat started on port 9090 (http) with context path ''
2024-06-18T10:04:03.942+08:00  INFO 20308 --- [gobang] [main] org.example.gobang.GobangApplication     : Started GobangApplication in 1.203 seconds (process running for 1.537)
2024-06-18T10:04:05.823+08:00  INFO 20308 --- [gobang] [http-nio-9090-exec-1] o.a.c.c.C.[Tomcat].[localhost].[/]       : Initializing Spring DispatcherServlet 'dispatcherServlet'
2024-06-18T10:04:05.823+08:00  INFO 20308 --- [gobang] [http-nio-9090-exec-1] o.s.web.servlet.DispatcherServlet        : Initializing Servlet 'dispatcherServlet'
2024-06-18T10:04:05.825+08:00  INFO 20308 --- [gobang] [http-nio-9090-exec-1] o.s.web.servlet.DispatcherServlet        : Completed initialization in 2 ms
2024-06-18T10:04:13.004+08:00  INFO 20308 --- [gobang] [http-nio-9090-exec-8] com.zaxxer.hikari.HikariDataSource       : HikariPool-1 - Starting...
2024-06-18T10:04:13.165+08:00  INFO 20308 --- [gobang] [http-nio-9090-exec-8] com.zaxxer.hikari.pool.HikariPool        : HikariPool-1 - Added connection com.mysql.cj.jdbc.ConnectionImpl@709b8a45
2024-06-18T10:04:13.166+08:00  INFO 20308 --- [gobang] [http-nio-9090-exec-8] com.zaxxer.hikari.HikariDataSource       : HikariPool-1 - Start completed.
2024-06-18T10:05:49.546+08:00  INFO 20308 --- [gobang] [SpringApplicationShutdownHook] com.zaxxer.hikari.HikariDataSource       : HikariPool-1 - Shutdown initiated...
2024-06-18T10:05:49.555+08:00  INFO 20308 --- [gobang] [SpringApplicationShutdownHook] com.zaxxer.hikari.HikariDataSource       : HikariPool-1 - Shutdown completed.
2024-06-18T10:05:51.592+08:00  INFO 30612 --- [gobang] [main] org.example.gobang.GobangApplication     : Starting GobangApplication using Java 17.0.10 with PID 30612 (E:\IdeaProjects\gobang\target\classes started by cbb123 in E:\IdeaProjects\gobang)
2024-06-18T10:05:51.593+08:00  INFO 30612 --- [gobang] [main] org.example.gobang.GobangApplication     : No active profile set, falling back to 1 default profile: "default"
2024-06-18T10:05:52.238+08:00  INFO 30612 --- [gobang] [main] o.s.b.w.embedded.tomcat.TomcatWebServer  : Tomcat initialized with port 9090 (http)
2024-06-18T10:05:52.245+08:00  INFO 30612 --- [gobang] [main] o.apache.catalina.core.StandardService   : Starting service [Tomcat]
2024-06-18T10:05:52.246+08:00  INFO 30612 --- [gobang] [main] o.apache.catalina.core.StandardEngine    : Starting Servlet engine: [Apache Tomcat/10.1.24]
2024-06-18T10:05:52.278+08:00  INFO 30612 --- [gobang] [main] o.a.c.c.C.[Tomcat].[localhost].[/]       : Initializing Spring embedded WebApplicationContext
2024-06-18T10:05:52.278+08:00  INFO 30612 --- [gobang] [main] w.s.c.ServletWebServerApplicationContext : Root WebApplicationContext: initialization completed in 654 ms
2024-06-18T10:05:52.605+08:00  INFO 30612 --- [gobang] [main] o.s.b.w.embedded.tomcat.TomcatWebServer  : Tomcat started on port 9090 (http) with context path ''
2024-06-18T10:05:52.612+08:00  INFO 30612 --- [gobang] [main] org.example.gobang.GobangApplication     : Started GobangApplication in 1.31 seconds (process running for 1.632)
2024-06-18T10:05:54.710+08:00  INFO 30612 --- [gobang] [http-nio-9090-exec-1] o.a.c.c.C.[Tomcat].[localhost].[/]       : Initializing Spring DispatcherServlet 'dispatcherServlet'
2024-06-18T10:05:54.711+08:00  INFO 30612 --- [gobang] [http-nio-9090-exec-1] o.s.web.servlet.DispatcherServlet        : Initializing Servlet 'dispatcherServlet'
2024-06-18T10:05:54.712+08:00  INFO 30612 --- [gobang] [http-nio-9090-exec-1] o.s.web.servlet.DispatcherServlet        : Completed initialization in 1 ms
